<?xml version="1.0" encoding="UTF-8"?>
<!-- Generated by org.testng.reporters.JUnitReportReporter -->
<testsuite hostname="ICEN513" failures="0" tests="1" name="com.amerisure.base.TestBase" time="10.588" errors="0" timestamp="2023-04-30T16:55:46 IST" skipped="0">
  <testcase classname="com.amerisure.base.TestBase" name="demoTest" time="10.588"/>
  <system-out/>
</testsuite> <!-- com.amerisure.base.TestBase -->
