<?xml version="1.0" encoding="UTF-8"?>
<!-- Generated by org.testng.reporters.JUnitReportReporter -->
<testsuite hostname="ICEN513" failures="0" tests="1" name="com.amerisure.pages.LoginPage" time="9.154" errors="0" timestamp="2023-04-30T16:58:11 IST" skipped="0">
  <testcase classname="com.amerisure.pages.LoginPage" name="demoTest" time="9.154"/>
  <system-out/>
</testsuite> <!-- com.amerisure.pages.LoginPage -->
