<?xml version="1.0" encoding="UTF-8"?>
<!-- Generated by org.testng.reporters.JUnitReportReporter -->
<testsuite hostname="ICEN513" failures="0" tests="4" name="framework.test.LoginPageTest" time="23.047" errors="0" timestamp="2023-06-08T12:29:27 IST" skipped="0">
  <testcase classname="framework.test.LoginPageTest" name="loginPageTitleTest" time="8.841"/>
  <system-out/>
  <testcase classname="framework.test.LoginPageTest" name="NaukriLogoImageTest" time="3.488"/>
  <system-out/>
  <testcase classname="framework.test.LoginPageTest" name="loginSignupTest" time="6.870"/>
  <system-out/>
  <testcase classname="framework.test.LoginPageTest" name="loginTest" time="3.848"/>
  <system-out/>
</testsuite> <!-- framework.test.LoginPageTest -->
