<?xml version="1.0" encoding="UTF-8"?>
<!-- Generated by org.testng.reporters.JUnitReportReporter -->
<testsuite hostname="ICEN513" failures="0" tests="4" name="com.amerisure.pages.TestClass" time="0.077" errors="1" timestamp="2023-05-02T22:22:32 IST" skipped="3">
  <testcase classname="com.amerisure.pages.TestClass" name="initialiseExtentReports" time="0.077">
    <error message="&#039;void com.aventstack.extentreports.ExtentReports.attachReporter(com.aventstack.extentreports.observer.ExtentObserver[])&#039;" type="java.lang.NoSuchMethodError">
      <![CDATA[java.lang.NoSuchMethodError: 'void com.aventstack.extentreports.ExtentReports.attachReporter(com.aventstack.extentreports.observer.ExtentObserver[])'
at com.amerisure.base.BaseClassTest.initialiseExtentReports(BaseClassTest.java:89)
at java.base/jdk.internal.reflect.NativeMethodAccessorImpl.invoke0(Native Method)
at java.base/jdk.internal.reflect.NativeMethodAccessorImpl.invoke(NativeMethodAccessorImpl.java:77)
at java.base/jdk.internal.reflect.DelegatingMethodAccessorImpl.invoke(DelegatingMethodAccessorImpl.java:43)
at java.base/java.lang.reflect.Method.invoke(Method.java:568)
at org.testng.internal.MethodInvocationHelper.invokeMethod(MethodInvocationHelper.java:133)
at org.testng.internal.MethodInvocationHelper.invokeMethodConsideringTimeout(MethodInvocationHelper.java:62)
at org.testng.internal.ConfigInvoker.invokeConfigurationMethod(ConfigInvoker.java:385)
at org.testng.internal.ConfigInvoker.invokeConfigurations(ConfigInvoker.java:321)
at org.testng.SuiteRunner.privateRun(SuiteRunner.java:317)
at org.testng.SuiteRunner.run(SuiteRunner.java:276)
at org.testng.SuiteRunnerWorker.runSuite(SuiteRunnerWorker.java:53)
at org.testng.SuiteRunnerWorker.run(SuiteRunnerWorker.java:96)
at org.testng.TestNG.runSuitesSequentially(TestNG.java:1212)
at org.testng.TestNG.runSuitesLocally(TestNG.java:1134)
at org.testng.TestNG.runSuites(TestNG.java:1063)
at org.testng.TestNG.run(TestNG.java:1031)
at org.testng.remote.AbstractRemoteTestNG.run(AbstractRemoteTestNG.java:115)
at org.testng.remote.RemoteTestNG.initAndRun(RemoteTestNG.java:251)
at org.testng.remote.RemoteTestNG.main(RemoteTestNG.java:77)
]]>
    </error>
  </testcase> <!-- initialiseExtentReports -->
  <system-out/>
  <testcase classname="com.amerisure.pages.TestClass" name="TestOrangeHRM" time="0.000">
    <skipped/>
  </testcase> <!-- TestOrangeHRM -->
  <system-out/>
  <testcase classname="com.amerisure.pages.TestClass" name="TestGoogle" time="0.000">
    <skipped/>
  </testcase> <!-- TestGoogle -->
  <system-out/>
  <testcase classname="com.amerisure.pages.TestClass" name="TestFacebook" time="0.000">
    <skipped/>
  </testcase> <!-- TestFacebook -->
  <system-out/>
</testsuite> <!-- com.amerisure.pages.TestClass -->
