<?xml version="1.0" encoding="UTF-8"?>
<!-- Generated by org.testng.reporters.JUnitReportReporter -->
<testsuite hostname="ICEN513" failures="0" tests="1" name="framework.test.BasicJava" time="0.075" errors="0" timestamp="2023-04-24T01:46:20 IST" skipped="0">
  <testcase classname="framework.test.BasicJava" name="BasicClas" time="0.075"/>
  <system-out/>
</testsuite> <!-- framework.test.BasicJava -->
