<?xml version="1.0" encoding="UTF-8"?>
<!-- Generated by org.testng.reporters.JUnitReportReporter -->
<testsuite skipped="0" hostname="ICEN513" name="framework.test.LoginPageTest" tests="4" failures="0" timestamp="05 Jun 2023 16:35:39 GMT" time="24.869" errors="0">
  <testcase name="loginPageTitleTest" time="4.160" classname="framework.test.LoginPageTest"/>
  <testcase name="NaukriLogoImageTest" time="4.138" classname="framework.test.LoginPageTest"/>
  <testcase name="loginSignupTest" time="7.625" classname="framework.test.LoginPageTest"/>
  <testcase name="loginTest" time="8.946" classname="framework.test.LoginPageTest"/>
</testsuite> <!-- framework.test.LoginPageTest -->
